-------------------------------------------------------------------------------
Test set: in.meenasubramanian.kaithari.TestCreateTask
-------------------------------------------------------------------------------
Tests run: 5, Failures: 4, Errors: 0, Skipped: 0, Time elapsed: 0.103 s <<< FAILURE! - in in.meenasubramanian.kaithari.TestCreateTask
in.meenasubramanian.kaithari.TestCreateTask.testCreateTaskWithTaskNameEmpty()  Time elapsed: 0.054 s  <<< FAILURE!
org.opentest4j.AssertionFailedError: expected: <true> but was: <false>
	at org.junit.jupiter.api.AssertionUtils.fail(AssertionUtils.java:55)
	at org.junit.jupiter.api.AssertTrue.assertTrue(AssertTrue.java:40)
	at org.junit.jupiter.api.AssertTrue.assertTrue(AssertTrue.java:35)
	at org.junit.jupiter.api.Assertions.assertTrue(Assertions.java:179)
	at in.meenasubramanian.kaithari.TestCreateTask.testCreateTaskWithTaskNameEmpty(TestCreateTask.java:91)

in.meenasubramanian.kaithari.TestCreateTask.testCreateTaskWithValidData()  Time elapsed: 0.032 s  <<< FAILURE!
org.opentest4j.AssertionFailedError: Unexpected exception thrown: java.lang.NullPointerException: Cannot invoke "java.time.LocalDate.isBefore(java.time.chrono.ChronoLocalDate)" because "date" is null
	at org.junit.jupiter.api.AssertDoesNotThrow.createAssertionFailedError(AssertDoesNotThrow.java:83)
	at org.junit.jupiter.api.AssertDoesNotThrow.assertDoesNotThrow(AssertDoesNotThrow.java:54)
	at org.junit.jupiter.api.AssertDoesNotThrow.assertDoesNotThrow(AssertDoesNotThrow.java:37)
	at org.junit.jupiter.api.Assertions.assertDoesNotThrow(Assertions.java:3135)
	at in.meenasubramanian.kaithari.TestCreateTask.testCreateTaskWithValidData(TestCreateTask.java:34)
Caused by: java.lang.NullPointerException: Cannot invoke "java.time.LocalDate.isBefore(java.time.chrono.ChronoLocalDate)" because "date" is null
	at in.meenasubramanian.kaithari.util.StringUtil.rejectIfInvalidDate(StringUtil.java:18)
	at in.meenasubramanian.kaithari.validation.TaskValidator.validate(TaskValidator.java:15)
	at in.meenasubramanian.kaithari.serviece.TaskServiece.create(TaskServiece.java:31)
	at in.meenasubramanian.kaithari.TestCreateTask.lambda$testCreateTaskWithValidData$0(TestCreateTask.java:35)
	at org.junit.jupiter.api.AssertDoesNotThrow.assertDoesNotThrow(AssertDoesNotThrow.java:50)
	... 16 more

in.meenasubramanian.kaithari.TestCreateTask.testCreateTaskWithTaskNameNull()  Time elapsed: 0.001 s  <<< FAILURE!
org.opentest4j.AssertionFailedError: expected: <true> but was: <false>
	at org.junit.jupiter.api.AssertionUtils.fail(AssertionUtils.java:55)
	at org.junit.jupiter.api.AssertTrue.assertTrue(AssertTrue.java:40)
	at org.junit.jupiter.api.AssertTrue.assertTrue(AssertTrue.java:35)
	at org.junit.jupiter.api.Assertions.assertTrue(Assertions.java:179)
	at in.meenasubramanian.kaithari.TestCreateTask.testCreateTaskWithTaskNameNull(TestCreateTask.java:70)

in.meenasubramanian.kaithari.TestCreateTask.testCreateTaskWithInvalidDate()  Time elapsed: 0.007 s  <<< FAILURE!
org.opentest4j.AssertionFailedError: Unexpected exception type thrown ==> expected: <in.meenasubramanian.kaithari.exception.ValidationException> but was: <java.lang.NullPointerException>
	at org.junit.jupiter.api.AssertThrows.assertThrows(AssertThrows.java:65)
	at org.junit.jupiter.api.AssertThrows.assertThrows(AssertThrows.java:37)
	at org.junit.jupiter.api.Assertions.assertThrows(Assertions.java:3082)
	at in.meenasubramanian.kaithari.TestCreateTask.testCreateTaskWithInvalidDate(TestCreateTask.java:97)
Caused by: java.lang.NullPointerException: Cannot invoke "java.time.LocalDate.isBefore(java.time.chrono.ChronoLocalDate)" because "date" is null
	at in.meenasubramanian.kaithari.util.StringUtil.rejectIfInvalidDate(StringUtil.java:18)
	at in.meenasubramanian.kaithari.validation.TaskValidator.validate(TaskValidator.java:15)
	at in.meenasubramanian.kaithari.serviece.TaskServiece.create(TaskServiece.java:31)
	at in.meenasubramanian.kaithari.TestCreateTask.lambda$testCreateTaskWithInvalidDate$4(TestCreateTask.java:109)
	at org.junit.jupiter.api.AssertThrows.assertThrows(AssertThrows.java:55)
	... 16 more

