<?xml version="1.0" encoding="UTF-8"?>
<testsuite xmlns:xsi="http://www.w3.org/2001/XMLSchema-instance" xsi:noNamespaceSchemaLocation="https://maven.apache.org/surefire/maven-surefire-plugin/xsd/surefire-test-report.xsd" name="in.meenasubramanian.kaithari.TestCreateTask" time="0.082" tests="5" errors="0" skipped="0" failures="1">
  <properties>
[...]
</properties>
  <testcase name="in.meenasubramanian.kaithari.TestCreateTask.testCreateTaskWithInvalidData" classname="in.meenasubramanian.kaithari.TestCreateTask" time="0.008"/>
  <testcase name="in.meenasubramanian.kaithari.TestCreateTask.testCreateTaskWithTaskNameNull" classname="in.meenasubramanian.kaithari.TestCreateTask" time="0.026"/>
  <testcase name="in.meenasubramanian.kaithari.TestCreateTask.testCreateTaskWithTaskNameEmpty" classname="in.meenasubramanian.kaithari.TestCreateTask" time="0.001"/>
  <testcase name="in.meenasubramanian.kaithari.TestCreateTask.testCreateTaskWithInvalidDate" classname="in.meenasubramanian.kaithari.TestCreateTask" time="0.019"/>
  <testcase name="in.meenasubramanian.kaithari.TestCreateTask.testCreateTaskWithValidData" classname="in.meenasubramanian.kaithari.TestCreateTask" time="0.022">
    <failure message="Unexpected exception thrown: in.meenasubramanian.kaithari.exception.ValidationException: Due Date can not be in the Past" type="org.opentest4j.AssertionFailedError">org.opentest4j.AssertionFailedError: Unexpected exception thrown: in.meenasubramanian.kaithari.exception.ValidationException: Due Date can not be in the Past
	at org.junit.jupiter.api.AssertDoesNotThrow.createAssertionFailedError(AssertDoesNotThrow.java:83)
	at org.junit.jupiter.api.AssertDoesNotThrow.assertDoesNotThrow(AssertDoesNotThrow.java:54)
	at org.junit.jupiter.api.AssertDoesNotThrow.assertDoesNotThrow(AssertDoesNotThrow.java:37)
	at org.junit.jupiter.api.Assertions.assertDoesNotThrow(Assertions.java:3135)
	at in.meenasubramanian.kaithari.TestCreateTask.testCreateTaskWithValidData(TestCreateTask.java:34)
Caused by: in.meenasubramanian.kaithari.exception.ValidationException: Due Date can not be in the Past
	at in.meenasubramanian.kaithari.util.StringUtil.rejectIfInvalidDate(StringUtil.java:17)
	at in.meenasubramanian.kaithari.validation.TaskValidator.validate(TaskValidator.java:15)
	at in.meenasubramanian.kaithari.serviece.TaskServiece.create(TaskServiece.java:29)
	at in.meenasubramanian.kaithari.TestCreateTask.lambda$0(TestCreateTask.java:35)
	at org.junit.jupiter.api.AssertDoesNotThrow.assertDoesNotThrow(AssertDoesNotThrow.java:50)
	... 16 more
</failure>
  </testcase>
</testsuite>