<?xml version="1.0" encoding="UTF-8"?>
<testsuite xmlns:xsi="http://www.w3.org/2001/XMLSchema-instance" xsi:noNamespaceSchemaLocation="https://maven.apache.org/surefire/maven-surefire-plugin/xsd/surefire-test-report.xsd" name="in.meenasubramanian.kaithari.TestCreateUser" time="0.02" tests="4" errors="0" skipped="0" failures="0">
  <properties>
[...]
</properties>
  <testcase name="in.meenasubramanian.kaithari.TestCreateUser.testCreateUserWithValideInput" classname="in.meenasubramanian.kaithari.TestCreateUser" time="0.008"/>
  <testcase name="in.meenasubramanian.kaithari.TestCreateUser.testCreateUserWithInvalideUser" classname="in.meenasubramanian.kaithari.TestCreateUser" time="0.001"/>
  <testcase name="in.meenasubramanian.kaithari.TestCreateUser.testCreateUserWithEmailNull" classname="in.meenasubramanian.kaithari.TestCreateUser" time="0.001"/>
  <testcase name="in.meenasubramanian.kaithari.TestCreateUser.testCreateUserWithEmailEmpty" classname="in.meenasubramanian.kaithari.TestCreateUser" time="0.001"/>
</testsuite>