<?xml version="1.0" encoding="UTF-8"?>
<testsuite xmlns:xsi="http://www.w3.org/2001/XMLSchema-instance" xsi:noNamespaceSchemaLocation="https://maven.apache.org/surefire/maven-surefire-plugin/xsd/surefire-test-report.xsd" name="in.meenasubramanian.kaithari.TestCreateTask" time="0.103" tests="5" errors="0" skipped="0" failures="4">
  <properties>
[...]
</properties>
  <testcase name="in.meenasubramanian.kaithari.TestCreateTask.testCreateTaskWithTaskNameEmpty" classname="in.meenasubramanian.kaithari.TestCreateTask" time="0.054">
    <failure message="expected: &lt;true&gt; but was: &lt;false&gt;" type="org.opentest4j.AssertionFailedError"><![CDATA[org.opentest4j.AssertionFailedError: expected: <true> but was: <false>
	at org.junit.jupiter.api.AssertionUtils.fail(AssertionUtils.java:55)
	at org.junit.jupiter.api.AssertTrue.assertTrue(AssertTrue.java:40)
	at org.junit.jupiter.api.AssertTrue.assertTrue(AssertTrue.java:35)
	at org.junit.jupiter.api.Assertions.assertTrue(Assertions.java:179)
	at in.meenasubramanian.kaithari.TestCreateTask.testCreateTaskWithTaskNameEmpty(TestCreateTask.java:91)
]]></failure>
    <system-out><![CDATA[Invalid date format!
]]></system-out>
  </testcase>
  <testcase name="in.meenasubramanian.kaithari.TestCreateTask.testCreateTaskWithInvalidData" classname="in.meenasubramanian.kaithari.TestCreateTask" time="0"/>
  <testcase name="in.meenasubramanian.kaithari.TestCreateTask.testCreateTaskWithValidData" classname="in.meenasubramanian.kaithari.TestCreateTask" time="0.032">
    <failure message="Unexpected exception thrown: java.lang.NullPointerException: Cannot invoke &quot;java.time.LocalDate.isBefore(java.time.chrono.ChronoLocalDate)&quot; because &quot;date&quot; is null" type="org.opentest4j.AssertionFailedError">org.opentest4j.AssertionFailedError: Unexpected exception thrown: java.lang.NullPointerException: Cannot invoke "java.time.LocalDate.isBefore(java.time.chrono.ChronoLocalDate)" because "date" is null
	at org.junit.jupiter.api.AssertDoesNotThrow.createAssertionFailedError(AssertDoesNotThrow.java:83)
	at org.junit.jupiter.api.AssertDoesNotThrow.assertDoesNotThrow(AssertDoesNotThrow.java:54)
	at org.junit.jupiter.api.AssertDoesNotThrow.assertDoesNotThrow(AssertDoesNotThrow.java:37)
	at org.junit.jupiter.api.Assertions.assertDoesNotThrow(Assertions.java:3135)
	at in.meenasubramanian.kaithari.TestCreateTask.testCreateTaskWithValidData(TestCreateTask.java:34)
Caused by: java.lang.NullPointerException: Cannot invoke "java.time.LocalDate.isBefore(java.time.chrono.ChronoLocalDate)" because "date" is null
	at in.meenasubramanian.kaithari.util.StringUtil.rejectIfInvalidDate(StringUtil.java:18)
	at in.meenasubramanian.kaithari.validation.TaskValidator.validate(TaskValidator.java:15)
	at in.meenasubramanian.kaithari.serviece.TaskServiece.create(TaskServiece.java:31)
	at in.meenasubramanian.kaithari.TestCreateTask.lambda$testCreateTaskWithValidData$0(TestCreateTask.java:35)
	at org.junit.jupiter.api.AssertDoesNotThrow.assertDoesNotThrow(AssertDoesNotThrow.java:50)
	... 16 more
</failure>
    <system-out><![CDATA[Invalid date format!
]]></system-out>
  </testcase>
  <testcase name="in.meenasubramanian.kaithari.TestCreateTask.testCreateTaskWithTaskNameNull" classname="in.meenasubramanian.kaithari.TestCreateTask" time="0.001">
    <failure message="expected: &lt;true&gt; but was: &lt;false&gt;" type="org.opentest4j.AssertionFailedError"><![CDATA[org.opentest4j.AssertionFailedError: expected: <true> but was: <false>
	at org.junit.jupiter.api.AssertionUtils.fail(AssertionUtils.java:55)
	at org.junit.jupiter.api.AssertTrue.assertTrue(AssertTrue.java:40)
	at org.junit.jupiter.api.AssertTrue.assertTrue(AssertTrue.java:35)
	at org.junit.jupiter.api.Assertions.assertTrue(Assertions.java:179)
	at in.meenasubramanian.kaithari.TestCreateTask.testCreateTaskWithTaskNameNull(TestCreateTask.java:70)
]]></failure>
    <system-out><![CDATA[Invalid date format!
]]></system-out>
  </testcase>
  <testcase name="in.meenasubramanian.kaithari.TestCreateTask.testCreateTaskWithInvalidDate" classname="in.meenasubramanian.kaithari.TestCreateTask" time="0.007">
    <failure message="Unexpected exception type thrown ==&gt; expected: &lt;in.meenasubramanian.kaithari.exception.ValidationException&gt; but was: &lt;java.lang.NullPointerException&gt;" type="org.opentest4j.AssertionFailedError"><![CDATA[org.opentest4j.AssertionFailedError: Unexpected exception type thrown ==> expected: <in.meenasubramanian.kaithari.exception.ValidationException> but was: <java.lang.NullPointerException>
	at org.junit.jupiter.api.AssertThrows.assertThrows(AssertThrows.java:65)
	at org.junit.jupiter.api.AssertThrows.assertThrows(AssertThrows.java:37)
	at org.junit.jupiter.api.Assertions.assertThrows(Assertions.java:3082)
	at in.meenasubramanian.kaithari.TestCreateTask.testCreateTaskWithInvalidDate(TestCreateTask.java:97)
Caused by: java.lang.NullPointerException: Cannot invoke "java.time.LocalDate.isBefore(java.time.chrono.ChronoLocalDate)" because "date" is null
	at in.meenasubramanian.kaithari.util.StringUtil.rejectIfInvalidDate(StringUtil.java:18)
	at in.meenasubramanian.kaithari.validation.TaskValidator.validate(TaskValidator.java:15)
	at in.meenasubramanian.kaithari.serviece.TaskServiece.create(TaskServiece.java:31)
	at in.meenasubramanian.kaithari.TestCreateTask.lambda$testCreateTaskWithInvalidDate$4(TestCreateTask.java:109)
	at org.junit.jupiter.api.AssertThrows.assertThrows(AssertThrows.java:55)
	... 16 more
]]></failure>
    <system-out><![CDATA[Invalid date format!
]]></system-out>
  </testcase>
</testsuite>