<?xml version="1.0" encoding="UTF-8"?>
<testsuite xmlns:xsi="http://www.w3.org/2001/XMLSchema-instance" xsi:noNamespaceSchemaLocation="https://maven.apache.org/surefire/maven-surefire-plugin/xsd/surefire-test-report.xsd" name="in.meenasubramanian.kaithari.TestCreateTask" time="0.103" tests="5" errors="0" skipped="0" failures="4">
  <properties>
    <property name="java.specification.version" value="17"/>
    <property name="sun.cpu.isalist" value="amd64"/>
    <property name="sun.jnu.encoding" value="Cp1252"/>
    <property name="java.class.path" value="C:\software\eclipse_IDE_workspace\kaithari\target\test-classes;C:\software\eclipse_IDE_workspace\kaithari\target\classes;C:\Users\MeenaSubramanian\.m2\repository\org\junit\jupiter\junit-jupiter-api\5.8.2\junit-jupiter-api-5.8.2.jar;C:\Users\MeenaSubramanian\.m2\repository\org\opentest4j\opentest4j\1.2.0\opentest4j-1.2.0.jar;C:\Users\MeenaSubramanian\.m2\repository\org\junit\platform\junit-platform-commons\1.8.2\junit-platform-commons-1.8.2.jar;C:\Users\MeenaSubramanian\.m2\repository\org\apiguardian\apiguardian-api\1.1.2\apiguardian-api-1.1.2.jar;C:\Users\MeenaSubramanian\.m2\repository\mysql\mysql-connector-java\8.0.28\mysql-connector-java-8.0.28.jar;C:\Users\MeenaSubramanian\.m2\repository\com\google\protobuf\protobuf-java\3.11.4\protobuf-java-3.11.4.jar;C:\Users\MeenaSubramanian\.m2\repository\io\github\cdimascio\java-dotenv\5.2.2\java-dotenv-5.2.2.jar;C:\Users\MeenaSubramanian\.m2\repository\org\jetbrains\kotlin\kotlin-stdlib\1.4.0\kotlin-stdlib-1.4.0.jar;C:\Users\MeenaSubramanian\.m2\repository\org\jetbrains\kotlin\kotlin-stdlib-common\1.4.0\kotlin-stdlib-common-1.4.0.jar;C:\Users\MeenaSubramanian\.m2\repository\org\jetbrains\annotations\13.0\annotations-13.0.jar;"/>
    <property name="java.vm.vendor" value="Eclipse Adoptium"/>
    <property name="sun.arch.data.model" value="64"/>
    <property name="user.variant" value=""/>
    <property name="java.vendor.url" value="https://adoptium.net/"/>
    <property name="user.timezone" value="Asia/Calcutta"/>
    <property name="os.name" value="Windows 11"/>
    <property name="java.vm.specification.version" value="17"/>
    <property name="sun.java.launcher" value="SUN_STANDARD"/>
    <property name="user.country" value="IN"/>
    <property name="sun.boot.library.path" value="C:\software\eclipse\plugins\org.eclipse.justj.openjdk.hotspot.jre.full.win32.x86_64_17.0.6.v20230204-1729\jre\bin"/>
    <property name="sun.java.command" value="C:\Users\MEENAS~1\AppData\Local\Temp\surefire8487150672931725754\surefirebooter1885496000376591058.jar C:\Users\MeenaSubramanian\AppData\Local\Temp\surefire8487150672931725754 2023-07-25T21-33-04_188-jvmRun1 surefire11735284779272020740tmp surefire_07477200113266911816tmp"/>
    <property name="jdk.debug" value="release"/>
    <property name="surefire.test.class.path" value="C:\software\eclipse_IDE_workspace\kaithari\target\test-classes;C:\software\eclipse_IDE_workspace\kaithari\target\classes;C:\Users\MeenaSubramanian\.m2\repository\org\junit\jupiter\junit-jupiter-api\5.8.2\junit-jupiter-api-5.8.2.jar;C:\Users\MeenaSubramanian\.m2\repository\org\opentest4j\opentest4j\1.2.0\opentest4j-1.2.0.jar;C:\Users\MeenaSubramanian\.m2\repository\org\junit\platform\junit-platform-commons\1.8.2\junit-platform-commons-1.8.2.jar;C:\Users\MeenaSubramanian\.m2\repository\org\apiguardian\apiguardian-api\1.1.2\apiguardian-api-1.1.2.jar;C:\Users\MeenaSubramanian\.m2\repository\mysql\mysql-connector-java\8.0.28\mysql-connector-java-8.0.28.jar;C:\Users\MeenaSubramanian\.m2\repository\com\google\protobuf\protobuf-java\3.11.4\protobuf-java-3.11.4.jar;C:\Users\MeenaSubramanian\.m2\repository\io\github\cdimascio\java-dotenv\5.2.2\java-dotenv-5.2.2.jar;C:\Users\MeenaSubramanian\.m2\repository\org\jetbrains\kotlin\kotlin-stdlib\1.4.0\kotlin-stdlib-1.4.0.jar;C:\Users\MeenaSubramanian\.m2\repository\org\jetbrains\kotlin\kotlin-stdlib-common\1.4.0\kotlin-stdlib-common-1.4.0.jar;C:\Users\MeenaSubramanian\.m2\repository\org\jetbrains\annotations\13.0\annotations-13.0.jar;"/>
    <property name="sun.cpu.endian" value="little"/>
    <property name="user.home" value="C:\Users\MeenaSubramanian"/>
    <property name="user.language" value="en"/>
    <property name="java.specification.vendor" value="Oracle Corporation"/>
    <property name="java.version.date" value="2023-01-17"/>
    <property name="java.home" value="C:\software\eclipse\plugins\org.eclipse.justj.openjdk.hotspot.jre.full.win32.x86_64_17.0.6.v20230204-1729\jre"/>
    <property name="file.separator" value="\"/>
    <property name="style.color" value="always"/>
    <property name="basedir" value="C:\software\eclipse_IDE_workspace\kaithari"/>
    <property name="java.vm.compressedOopsMode" value="32-bit"/>
    <property name="line.separator" value="&#10;"/>
    <property name="java.vm.specification.vendor" value="Oracle Corporation"/>
    <property name="java.specification.name" value="Java Platform API Specification"/>
    <property name="surefire.real.class.path" value="C:\Users\MEENAS~1\AppData\Local\Temp\surefire8487150672931725754\surefirebooter1885496000376591058.jar"/>
    <property name="user.script" value=""/>
    <property name="sun.management.compiler" value="HotSpot 64-Bit Tiered Compilers"/>
    <property name="java.runtime.version" value="17.0.6+10"/>
    <property name="user.name" value="MeenaSubramanian"/>
    <property name="path.separator" value=";"/>
    <property name="os.version" value="10.0"/>
    <property name="java.runtime.name" value="OpenJDK Runtime Environment"/>
    <property name="file.encoding" value="Cp1252"/>
    <property name="java.vm.name" value="OpenJDK 64-Bit Server VM"/>
    <property name="java.vendor.version" value="Temurin-17.0.6+10"/>
    <property name="localRepository" value="C:\Users\MeenaSubramanian\.m2\repository"/>
    <property name="java.vendor.url.bug" value="https://github.com/adoptium/adoptium-support/issues"/>
    <property name="java.io.tmpdir" value="C:\Users\MEENAS~1\AppData\Local\Temp\"/>
    <property name="java.version" value="17.0.6"/>
    <property name="user.dir" value="C:\software\eclipse_IDE_workspace\kaithari"/>
    <property name="os.arch" value="amd64"/>
    <property name="java.vm.specification.name" value="Java Virtual Machine Specification"/>
    <property name="sun.os.patch.level" value=""/>
    <property name="native.encoding" value="Cp1252"/>
    <property name="java.library.path" value="C:\software\eclipse\plugins\org.eclipse.justj.openjdk.hotspot.jre.full.win32.x86_64_17.0.6.v20230204-1729\jre\bin;C:\WINDOWS\Sun\Java\bin;C:\WINDOWS\system32;C:\WINDOWS;C:/software/eclipse//plugins/org.eclipse.justj.openjdk.hotspot.jre.full.win32.x86_64_17.0.6.v20230204-1729/jre/bin/server;C:/software/eclipse//plugins/org.eclipse.justj.openjdk.hotspot.jre.full.win32.x86_64_17.0.6.v20230204-1729/jre/bin;C:\Program Files\Common Files\Oracle\Java\javapath;C:\WINDOWS\system32;C:\WINDOWS;C:\WINDOWS\System32\Wbem;C:\WINDOWS\System32\WindowsPowerShell\v1.0\;C:\WINDOWS\System32\OpenSSH\;C:\Program Files\nodejs\;C:\Program Files\Git\cmd;C:\Users\MeenaSubramanian\AppData\Local\Microsoft\WindowsApps;C:\Users\MeenaSubramanian\AppData\Local\GitHubDesktop\bin;C:\Users\MeenaSubramanian\AppData\Local\Programs\Microsoft VS Code\bin;;C:\software\eclipse;;."/>
    <property name="java.vm.info" value="mixed mode"/>
    <property name="java.vendor" value="Eclipse Adoptium"/>
    <property name="java.vm.version" value="17.0.6+10"/>
    <property name="sun.io.unicode.encoding" value="UnicodeLittle"/>
    <property name="java.class.version" value="61.0"/>
  </properties>
  <testcase name="in.meenasubramanian.kaithari.TestCreateTask.testCreateTaskWithTaskNameEmpty" classname="in.meenasubramanian.kaithari.TestCreateTask" time="0.054">
    <failure message="expected: &lt;true&gt; but was: &lt;false&gt;" type="org.opentest4j.AssertionFailedError"><![CDATA[org.opentest4j.AssertionFailedError: expected: <true> but was: <false>
	at org.junit.jupiter.api.AssertionUtils.fail(AssertionUtils.java:55)
	at org.junit.jupiter.api.AssertTrue.assertTrue(AssertTrue.java:40)
	at org.junit.jupiter.api.AssertTrue.assertTrue(AssertTrue.java:35)
	at org.junit.jupiter.api.Assertions.assertTrue(Assertions.java:179)
	at in.meenasubramanian.kaithari.TestCreateTask.testCreateTaskWithTaskNameEmpty(TestCreateTask.java:91)
]]></failure>
    <system-out><![CDATA[Invalid date format!
]]></system-out>
  </testcase>
  <testcase name="in.meenasubramanian.kaithari.TestCreateTask.testCreateTaskWithInvalidData" classname="in.meenasubramanian.kaithari.TestCreateTask" time="0"/>
  <testcase name="in.meenasubramanian.kaithari.TestCreateTask.testCreateTaskWithValidData" classname="in.meenasubramanian.kaithari.TestCreateTask" time="0.032">
    <failure message="Unexpected exception thrown: java.lang.NullPointerException: Cannot invoke &quot;java.time.LocalDate.isBefore(java.time.chrono.ChronoLocalDate)&quot; because &quot;date&quot; is null" type="org.opentest4j.AssertionFailedError">org.opentest4j.AssertionFailedError: Unexpected exception thrown: java.lang.NullPointerException: Cannot invoke "java.time.LocalDate.isBefore(java.time.chrono.ChronoLocalDate)" because "date" is null
	at org.junit.jupiter.api.AssertDoesNotThrow.createAssertionFailedError(AssertDoesNotThrow.java:83)
	at org.junit.jupiter.api.AssertDoesNotThrow.assertDoesNotThrow(AssertDoesNotThrow.java:54)
	at org.junit.jupiter.api.AssertDoesNotThrow.assertDoesNotThrow(AssertDoesNotThrow.java:37)
	at org.junit.jupiter.api.Assertions.assertDoesNotThrow(Assertions.java:3135)
	at in.meenasubramanian.kaithari.TestCreateTask.testCreateTaskWithValidData(TestCreateTask.java:34)
Caused by: java.lang.NullPointerException: Cannot invoke "java.time.LocalDate.isBefore(java.time.chrono.ChronoLocalDate)" because "date" is null
	at in.meenasubramanian.kaithari.util.StringUtil.rejectIfInvalidDate(StringUtil.java:18)
	at in.meenasubramanian.kaithari.validation.TaskValidator.validate(TaskValidator.java:15)
	at in.meenasubramanian.kaithari.serviece.TaskServiece.create(TaskServiece.java:31)
	at in.meenasubramanian.kaithari.TestCreateTask.lambda$testCreateTaskWithValidData$0(TestCreateTask.java:35)
	at org.junit.jupiter.api.AssertDoesNotThrow.assertDoesNotThrow(AssertDoesNotThrow.java:50)
	... 16 more
</failure>
    <system-out><![CDATA[Invalid date format!
]]></system-out>
  </testcase>
  <testcase name="in.meenasubramanian.kaithari.TestCreateTask.testCreateTaskWithTaskNameNull" classname="in.meenasubramanian.kaithari.TestCreateTask" time="0.001">
    <failure message="expected: &lt;true&gt; but was: &lt;false&gt;" type="org.opentest4j.AssertionFailedError"><![CDATA[org.opentest4j.AssertionFailedError: expected: <true> but was: <false>
	at org.junit.jupiter.api.AssertionUtils.fail(AssertionUtils.java:55)
	at org.junit.jupiter.api.AssertTrue.assertTrue(AssertTrue.java:40)
	at org.junit.jupiter.api.AssertTrue.assertTrue(AssertTrue.java:35)
	at org.junit.jupiter.api.Assertions.assertTrue(Assertions.java:179)
	at in.meenasubramanian.kaithari.TestCreateTask.testCreateTaskWithTaskNameNull(TestCreateTask.java:70)
]]></failure>
    <system-out><![CDATA[Invalid date format!
]]></system-out>
  </testcase>
  <testcase name="in.meenasubramanian.kaithari.TestCreateTask.testCreateTaskWithInvalidDate" classname="in.meenasubramanian.kaithari.TestCreateTask" time="0.007">
    <failure message="Unexpected exception type thrown ==&gt; expected: &lt;in.meenasubramanian.kaithari.exception.ValidationException&gt; but was: &lt;java.lang.NullPointerException&gt;" type="org.opentest4j.AssertionFailedError"><![CDATA[org.opentest4j.AssertionFailedError: Unexpected exception type thrown ==> expected: <in.meenasubramanian.kaithari.exception.ValidationException> but was: <java.lang.NullPointerException>
	at org.junit.jupiter.api.AssertThrows.assertThrows(AssertThrows.java:65)
	at org.junit.jupiter.api.AssertThrows.assertThrows(AssertThrows.java:37)
	at org.junit.jupiter.api.Assertions.assertThrows(Assertions.java:3082)
	at in.meenasubramanian.kaithari.TestCreateTask.testCreateTaskWithInvalidDate(TestCreateTask.java:97)
Caused by: java.lang.NullPointerException: Cannot invoke "java.time.LocalDate.isBefore(java.time.chrono.ChronoLocalDate)" because "date" is null
	at in.meenasubramanian.kaithari.util.StringUtil.rejectIfInvalidDate(StringUtil.java:18)
	at in.meenasubramanian.kaithari.validation.TaskValidator.validate(TaskValidator.java:15)
	at in.meenasubramanian.kaithari.serviece.TaskServiece.create(TaskServiece.java:31)
	at in.meenasubramanian.kaithari.TestCreateTask.lambda$testCreateTaskWithInvalidDate$4(TestCreateTask.java:109)
	at org.junit.jupiter.api.AssertThrows.assertThrows(AssertThrows.java:55)
	... 16 more
]]></failure>
    <system-out><![CDATA[Invalid date format!
]]></system-out>
  </testcase>
</testsuite>